Thu May 16 17:00:22 SGT 2019
http://chess-results.coom: Not Exists
Thu May 16 17:00:22 SGT 2019
http://chess-results.my: Not Exists
Thu May 16 17:00:24 SGT 2019
http://chess-results.coom: Not Exists
Thu May 16 17:00:24 SGT 2019
http://chess-results.my: Not Exists
Thu May 16 17:00:26 SGT 2019
http://chess-results.com/tnr424276.aspx?lan=1&art=1&rd=8: Not Exists
Thu May 16 17:00:26 SGT 2019
http://chess-results.com/tnr424277.aspx?lan=1&art=1&rd=8: Not Exists
Thu May 16 17:00:27 SGT 2019
http://chess-results.com/tnr424280.aspx?lan=1&art=1&rd=15: Not Exists
Thu May 16 17:00:28 SGT 2019
http://chess-results.com/tnr424283.aspx?lan=1&art=1&rd=8: Not Exists
Thu May 16 17:00:28 SGT 2019
http://chess-results.com/tnr424284.aspx?lan=1&art=1&rd=8: Not Exists
Thu May 16 17:00:30 SGT 2019
http://chess-results.com/tnr424286.aspx?lan=1&art=1&rd=17: Not Exists
Thu May 16 17:00:30 SGT 2019
http://chess-results.com/tnr424290.aspx?lan=1&art=1&rd=17: Not Exists
Thu May 16 17:10:35 SGT 2019
http://chess-results.coom: Not Exists
Thu May 16 17:10:35 SGT 2019
http://chess-results.my: Not Exists
Thu May 16 17:10:38 SGT 2019
http://chess-results.coom: Not Exists
Thu May 16 17:10:38 SGT 2019
http://chess-results.my: Not Exists
Thu May 16 17:10:40 SGT 2019
http://chess-results.com/tnr424276.aspx?lan=1&art=1&rd=8: Not Exists
Thu May 16 17:10:40 SGT 2019
http://chess-results.com/tnr424277.aspx?lan=1&art=1&rd=8: Not Exists
Thu May 16 17:10:42 SGT 2019
http://chess-results.com/tnr424280.aspx?lan=1&art=1&rd=15: Not Exists
Thu May 16 17:10:43 SGT 2019
http://chess-results.com/tnr424283.aspx?lan=1&art=1&rd=8: Not Exists
Thu May 16 17:10:43 SGT 2019
http://chess-results.com/tnr424284.aspx?lan=1&art=1&rd=8: Not Exists
Thu May 16 17:10:45 SGT 2019
http://chess-results.com/tnr424286.aspx?lan=1&art=1&rd=17: Not Exists
Thu May 16 17:10:45 SGT 2019
http://chess-results.com/tnr424290.aspx?lan=1&art=1&rd=17: Not Exists
Thu May 16 17:11:16 SGT 2019
http://chess-results.coom: Not Exists
Thu May 16 17:11:17 SGT 2019
http://chess-results.my: Not Exists
Thu May 16 17:11:19 SGT 2019
http://chess-results.coom: Not Exists
Thu May 16 17:11:19 SGT 2019
http://chess-results.my: Not Exists
Thu May 16 17:11:21 SGT 2019
http://chess-results.com/tnr424276.aspx?lan=1&art=1&rd=8: Not Exists
Thu May 16 17:11:22 SGT 2019
http://chess-results.com/tnr424277.aspx?lan=1&art=1&rd=8: Not Exists
Thu May 16 17:11:23 SGT 2019
http://chess-results.com/tnr424280.aspx?lan=1&art=1&rd=15: Not Exists
Thu May 16 17:11:24 SGT 2019
http://chess-results.com/tnr424283.aspx?lan=1&art=1&rd=8: Not Exists
Thu May 16 17:11:24 SGT 2019
http://chess-results.com/tnr424284.aspx?lan=1&art=1&rd=8: Not Exists
Thu May 16 17:11:26 SGT 2019
http://chess-results.com/tnr424286.aspx?lan=1&art=1&rd=17: Not Exists
Thu May 16 17:11:26 SGT 2019
http://chess-results.com/tnr424290.aspx?lan=1&art=1&rd=17: Not Exists
Thu May 16 17:17:45 SGT 2019
http://chess-results.coom: Not Exists
Thu May 16 17:17:45 SGT 2019
http://chess-results.my: Not Exists
Thu May 16 17:17:47 SGT 2019
http://chess-results.coom: Not Exists
Thu May 16 17:17:48 SGT 2019
http://chess-results.my: Not Exists
Thu May 16 17:17:49 SGT 2019
http://chess-results.com/tnr424276.aspx?lan=1&art=1&rd=8: Not Exists
Thu May 16 17:17:50 SGT 2019
http://chess-results.com/tnr424277.aspx?lan=1&art=1&rd=8: Not Exists
Thu May 16 17:17:52 SGT 2019
http://chess-results.com/tnr424280.aspx?lan=1&art=1&rd=15: Not Exists
Thu May 16 17:17:52 SGT 2019
http://chess-results.com/tnr424283.aspx?lan=1&art=1&rd=8: Not Exists
Thu May 16 17:17:53 SGT 2019
http://chess-results.com/tnr424284.aspx?lan=1&art=1&rd=8: Not Exists
Thu May 16 17:17:54 SGT 2019
http://chess-results.com/tnr424286.aspx?lan=1&art=1&rd=17: Not Exists
Thu May 16 17:17:54 SGT 2019
http://chess-results.com/tnr424290.aspx?lan=1&art=1&rd=17: Not Exists
Thu May 16 17:18:36 SGT 2019
http://chess-results.coom: Not Exists
Thu May 16 17:18:36 SGT 2019
http://chess-results.my: Not Exists
Thu May 16 17:18:39 SGT 2019
http://chess-results.coom: Not Exists
Thu May 16 17:18:39 SGT 2019
http://chess-results.my: Not Exists
Thu May 16 17:18:42 SGT 2019
http://chess-results.com/tnr424276.aspx?lan=1&art=1&rd=8: Not Exists
Thu May 16 17:18:42 SGT 2019
http://chess-results.com/tnr424277.aspx?lan=1&art=1&rd=8: Not Exists
Thu May 16 17:18:43 SGT 2019
http://chess-results.com/tnr424280.aspx?lan=1&art=1&rd=15: Not Exists
Thu May 16 17:18:44 SGT 2019
http://chess-results.com/tnr424283.aspx?lan=1&art=1&rd=8: Not Exists
Thu May 16 17:18:45 SGT 2019
http://chess-results.com/tnr424284.aspx?lan=1&art=1&rd=8: Not Exists
Thu May 16 17:18:46 SGT 2019
http://chess-results.com/tnr424286.aspx?lan=1&art=1&rd=17: Not Exists
Thu May 16 17:18:46 SGT 2019
http://chess-results.com/tnr424290.aspx?lan=1&art=1&rd=17: Not Exists
Thu May 16 17:20:18 SGT 2019
http://chess-results.coom: Not Exists
Thu May 16 17:20:18 SGT 2019
http://chess-results.my: Not Exists
Thu May 16 17:20:21 SGT 2019
http://chess-results.coom: Not Exists
Thu May 16 17:20:21 SGT 2019
http://chess-results.my: Not Exists
Thu May 16 17:20:23 SGT 2019
http://chess-results.com/tnr424276.aspx?lan=1&art=1&rd=8: Not Exists
Thu May 16 17:20:23 SGT 2019
http://chess-results.com/tnr424277.aspx?lan=1&art=1&rd=8: Not Exists
Thu May 16 17:20:25 SGT 2019
http://chess-results.com/tnr424280.aspx?lan=1&art=1&rd=15: Not Exists
Thu May 16 17:20:25 SGT 2019
http://chess-results.com/tnr424283.aspx?lan=1&art=1&rd=8: Not Exists
Thu May 16 17:20:26 SGT 2019
http://chess-results.com/tnr424284.aspx?lan=1&art=1&rd=8: Not Exists
Thu May 16 17:20:27 SGT 2019
http://chess-results.com/tnr424286.aspx?lan=1&art=1&rd=17: Not Exists
Thu May 16 17:20:27 SGT 2019
http://chess-results.com/tnr424290.aspx?lan=1&art=1&rd=17: Not Exists
Thu May 16 17:24:05 SGT 2019
http://chess-results.coom: Not Exists
Thu May 16 17:24:05 SGT 2019
http://chess-results.my: Not Exists
Thu May 16 17:24:07 SGT 2019
http://chess-results.coom: Not Exists
Thu May 16 17:24:07 SGT 2019
http://chess-results.my: Not Exists
Thu May 16 17:24:09 SGT 2019
http://chess-results.com/tnr424276.aspx?lan=1&art=1&rd=8: Not Exists
Thu May 16 17:24:10 SGT 2019
http://chess-results.com/tnr424277.aspx?lan=1&art=1&rd=8: Not Exists
Thu May 16 17:24:11 SGT 2019
http://chess-results.com/tnr424280.aspx?lan=1&art=1&rd=15: Not Exists
Thu May 16 17:24:12 SGT 2019
http://chess-results.com/tnr424283.aspx?lan=1&art=1&rd=8: Not Exists
Thu May 16 17:24:12 SGT 2019
http://chess-results.com/tnr424284.aspx?lan=1&art=1&rd=8: Not Exists
Thu May 16 17:24:14 SGT 2019
http://chess-results.com/tnr424286.aspx?lan=1&art=1&rd=17: Not Exists
Thu May 16 17:24:14 SGT 2019
http://chess-results.com/tnr424290.aspx?lan=1&art=1&rd=17: Not Exists
Thu May 16 17:24:44 SGT 2019
http://chess-results.coom: Not Exists
Thu May 16 17:24:45 SGT 2019
http://chess-results.my: Not Exists
Thu May 16 17:24:47 SGT 2019
http://chess-results.coom: Not Exists
Thu May 16 17:24:47 SGT 2019
http://chess-results.my: Not Exists
Thu May 16 17:24:49 SGT 2019
http://chess-results.com/tnr424276.aspx?lan=1&art=1&rd=8: Not Exists
Thu May 16 17:24:49 SGT 2019
http://chess-results.com/tnr424277.aspx?lan=1&art=1&rd=8: Not Exists
Thu May 16 17:24:51 SGT 2019
http://chess-results.com/tnr424280.aspx?lan=1&art=1&rd=15: Not Exists
Thu May 16 17:24:52 SGT 2019
http://chess-results.com/tnr424283.aspx?lan=1&art=1&rd=8: Not Exists
Thu May 16 17:24:52 SGT 2019
http://chess-results.com/tnr424284.aspx?lan=1&art=1&rd=8: Not Exists
Thu May 16 17:24:53 SGT 2019
http://chess-results.com/tnr424286.aspx?lan=1&art=1&rd=17: Not Exists
Thu May 16 17:24:54 SGT 2019
http://chess-results.com/tnr424290.aspx?lan=1&art=1&rd=17: Not Exists
Thu May 16 17:30:28 SGT 2019
http://chess-results.coom: Not Exists
Thu May 16 17:30:29 SGT 2019
http://chess-results.my: Not Exists
Thu May 16 17:30:31 SGT 2019
http://chess-results.coom: Not Exists
Thu May 16 17:30:31 SGT 2019
http://chess-results.my: Not Exists
Thu May 16 17:30:33 SGT 2019
http://chess-results.com/tnr424276.aspx?lan=1&art=1&rd=8: Not Exists
Thu May 16 17:30:33 SGT 2019
http://chess-results.com/tnr424277.aspx?lan=1&art=1&rd=8: Not Exists
Thu May 16 17:30:35 SGT 2019
http://chess-results.com/tnr424280.aspx?lan=1&art=1&rd=15: Not Exists
Thu May 16 17:30:36 SGT 2019
http://chess-results.com/tnr424283.aspx?lan=1&art=1&rd=8: Not Exists
Thu May 16 17:30:36 SGT 2019
http://chess-results.com/tnr424284.aspx?lan=1&art=1&rd=8: Not Exists
Thu May 16 17:30:38 SGT 2019
http://chess-results.com/tnr424286.aspx?lan=1&art=1&rd=17: Not Exists
Thu May 16 17:30:38 SGT 2019
http://chess-results.com/tnr424290.aspx?lan=1&art=1&rd=17: Not Exists
Thu May 16 17:31:15 SGT 2019
http://chess-results.coom: Not Exists
Thu May 16 17:31:15 SGT 2019
http://chess-results.my: Not Exists
Thu May 16 17:31:23 SGT 2019
http://chess-results.coom: Not Exists
Thu May 16 17:31:23 SGT 2019
http://chess-results.my: Not Exists
Thu May 16 17:31:25 SGT 2019
http://chess-results.coom: Not Exists
Thu May 16 17:31:25 SGT 2019
http://chess-results.my: Not Exists
Thu May 16 17:31:27 SGT 2019
http://chess-results.com/tnr424276.aspx?lan=1&art=1&rd=8: Not Exists
Thu May 16 17:31:28 SGT 2019
http://chess-results.com/tnr424277.aspx?lan=1&art=1&rd=8: Not Exists
Thu May 16 17:31:29 SGT 2019
http://chess-results.com/tnr424280.aspx?lan=1&art=1&rd=15: Not Exists
Thu May 16 17:31:30 SGT 2019
http://chess-results.com/tnr424283.aspx?lan=1&art=1&rd=8: Not Exists
Thu May 16 17:31:30 SGT 2019
http://chess-results.com/tnr424284.aspx?lan=1&art=1&rd=8: Not Exists
Thu May 16 17:31:32 SGT 2019
http://chess-results.com/tnr424286.aspx?lan=1&art=1&rd=17: Not Exists
Thu May 16 17:31:32 SGT 2019
http://chess-results.com/tnr424290.aspx?lan=1&art=1&rd=17: Not Exists
Thu May 16 21:35:41 SGT 2019
http://chess-results.coom: Not Exists
Thu May 16 21:35:41 SGT 2019
http://chess-results.my: Not Exists
Thu May 16 21:35:43 SGT 2019
http://chess-results.coom: Not Exists
Thu May 16 21:35:43 SGT 2019
http://chess-results.my: Not Exists
Thu May 16 21:35:45 SGT 2019
http://chess-results.com/tnr424276.aspx?lan=1&art=1&rd=8: Not Exists
Thu May 16 21:35:45 SGT 2019
http://chess-results.com/tnr424277.aspx?lan=1&art=1&rd=8: Not Exists
Thu May 16 21:35:46 SGT 2019
http://chess-results.com/tnr424280.aspx?lan=1&art=1&rd=15: Not Exists
Thu May 16 21:35:47 SGT 2019
http://chess-results.com/tnr424283.aspx?lan=1&art=1&rd=8: Not Exists
Thu May 16 21:35:47 SGT 2019
http://chess-results.com/tnr424284.aspx?lan=1&art=1&rd=8: Not Exists
Thu May 16 21:35:48 SGT 2019
http://chess-results.com/tnr424286.aspx?lan=1&art=1&rd=17: Not Exists
Thu May 16 21:35:48 SGT 2019
http://chess-results.com/tnr424290.aspx?lan=1&art=1&rd=17: Not Exists
Thu May 16 21:36:32 SGT 2019
http://chess-results.coom: Not Exists
Thu May 16 21:36:32 SGT 2019
http://chess-results.my: Not Exists
Thu May 16 21:36:34 SGT 2019
http://chess-results.coom: Not Exists
Thu May 16 21:36:34 SGT 2019
http://chess-results.my: Not Exists
Thu May 16 21:36:35 SGT 2019
http://chess-results.com/tnr424276.aspx?lan=1&art=1&rd=8: Not Exists
Thu May 16 21:36:35 SGT 2019
http://chess-results.com/tnr424277.aspx?lan=1&art=1&rd=8: Not Exists
Thu May 16 21:36:37 SGT 2019
http://chess-results.com/tnr424280.aspx?lan=1&art=1&rd=15: Not Exists
Thu May 16 21:36:37 SGT 2019
http://chess-results.com/tnr424283.aspx?lan=1&art=1&rd=8: Not Exists
Thu May 16 21:36:37 SGT 2019
http://chess-results.com/tnr424284.aspx?lan=1&art=1&rd=8: Not Exists
Thu May 16 21:36:38 SGT 2019
http://chess-results.com/tnr424286.aspx?lan=1&art=1&rd=17: Not Exists
Thu May 16 21:36:39 SGT 2019
http://chess-results.com/tnr424290.aspx?lan=1&art=1&rd=17: Not Exists
Thu May 16 21:37:23 SGT 2019
http://chess-results.coom: Not Exists
Thu May 16 21:37:23 SGT 2019
http://chess-results.my: Not Exists
Thu May 16 21:37:24 SGT 2019
http://chess-results.coom: Not Exists
Thu May 16 21:37:25 SGT 2019
http://chess-results.my: Not Exists
Thu May 16 21:37:26 SGT 2019
http://chess-results.com/tnr424276.aspx?lan=1&art=1&rd=8: Not Exists
Thu May 16 21:37:26 SGT 2019
http://chess-results.com/tnr424277.aspx?lan=1&art=1&rd=8: Not Exists
Thu May 16 21:37:28 SGT 2019
http://chess-results.com/tnr424280.aspx?lan=1&art=1&rd=15: Not Exists
Thu May 16 21:37:29 SGT 2019
http://chess-results.com/tnr424283.aspx?lan=1&art=1&rd=8: Not Exists
Thu May 16 21:37:29 SGT 2019
http://chess-results.com/tnr424284.aspx?lan=1&art=1&rd=8: Not Exists
Thu May 16 21:37:31 SGT 2019
http://chess-results.com/tnr424286.aspx?lan=1&art=1&rd=17: Not Exists
Thu May 16 21:37:31 SGT 2019
http://chess-results.com/tnr424290.aspx?lan=1&art=1&rd=17: Not Exists
Thu May 16 21:38:53 SGT 2019
http://chess-results.coom: Not Exists
Thu May 16 21:38:54 SGT 2019
http://chess-results.my: Not Exists
Thu May 16 21:38:55 SGT 2019
http://chess-results.coom: Not Exists
Thu May 16 21:38:55 SGT 2019
http://chess-results.my: Not Exists
Thu May 16 21:38:57 SGT 2019
http://chess-results.com/tnr424276.aspx?lan=1&art=1&rd=8: Not Exists
Thu May 16 21:38:57 SGT 2019
http://chess-results.com/tnr424277.aspx?lan=1&art=1&rd=8: Not Exists
Thu May 16 21:38:58 SGT 2019
http://chess-results.com/tnr424280.aspx?lan=1&art=1&rd=15: Not Exists
Thu May 16 21:38:59 SGT 2019
http://chess-results.com/tnr424283.aspx?lan=1&art=1&rd=8: Not Exists
Thu May 16 21:38:59 SGT 2019
http://chess-results.com/tnr424284.aspx?lan=1&art=1&rd=8: Not Exists
Thu May 16 21:39:01 SGT 2019
http://chess-results.com/tnr424286.aspx?lan=1&art=1&rd=17: Not Exists
Thu May 16 21:39:02 SGT 2019
http://chess-results.com/tnr424290.aspx?lan=1&art=1&rd=17: Not Exists
Thu May 16 21:39:37 SGT 2019
http://chess-results.coom: Not Exists
Thu May 16 21:39:37 SGT 2019
http://chess-results.my: Not Exists
Thu May 16 21:39:39 SGT 2019
http://chess-results.coom: Not Exists
Thu May 16 21:39:39 SGT 2019
http://chess-results.my: Not Exists
Thu May 16 21:39:40 SGT 2019
http://chess-results.com/tnr424276.aspx?lan=1&art=1&rd=8: Not Exists
Thu May 16 21:39:41 SGT 2019
http://chess-results.com/tnr424277.aspx?lan=1&art=1&rd=8: Not Exists
Thu May 16 21:39:42 SGT 2019
http://chess-results.com/tnr424280.aspx?lan=1&art=1&rd=15: Not Exists
Thu May 16 21:39:43 SGT 2019
http://chess-results.com/tnr424283.aspx?lan=1&art=1&rd=8: Not Exists
Thu May 16 21:39:43 SGT 2019
http://chess-results.com/tnr424284.aspx?lan=1&art=1&rd=8: Not Exists
Thu May 16 21:39:44 SGT 2019
http://chess-results.com/tnr424286.aspx?lan=1&art=1&rd=17: Not Exists
Thu May 16 21:39:45 SGT 2019
http://chess-results.com/tnr424290.aspx?lan=1&art=1&rd=17: Not Exists
Thu May 16 21:40:22 SGT 2019
http://chess-results.coom: Not Exists
Thu May 16 21:40:23 SGT 2019
http://chess-results.my: Not Exists
Thu May 16 21:40:24 SGT 2019
http://chess-results.coom: Not Exists
Thu May 16 21:40:25 SGT 2019
http://chess-results.my: Not Exists
Thu May 16 21:40:26 SGT 2019
http://chess-results.com/tnr424276.aspx?lan=1&art=1&rd=8: Not Exists
Thu May 16 21:40:26 SGT 2019
http://chess-results.com/tnr424277.aspx?lan=1&art=1&rd=8: Not Exists
Thu May 16 21:40:27 SGT 2019
http://chess-results.com/tnr424280.aspx?lan=1&art=1&rd=15: Not Exists
Thu May 16 21:40:28 SGT 2019
http://chess-results.com/tnr424283.aspx?lan=1&art=1&rd=8: Not Exists
Thu May 16 21:40:28 SGT 2019
http://chess-results.com/tnr424284.aspx?lan=1&art=1&rd=8: Not Exists
Thu May 16 21:40:29 SGT 2019
http://chess-results.com/tnr424286.aspx?lan=1&art=1&rd=17: Not Exists
Thu May 16 21:40:30 SGT 2019
http://chess-results.com/tnr424290.aspx?lan=1&art=1&rd=17: Not Exists
Fri May 17 11:57:01 SGT 2019
http://chess-results.coom: Not Exists
Fri May 17 11:57:01 SGT 2019
http://chess-results.my: Not Exists
Fri May 17 11:57:03 SGT 2019
http://chess-results.coom: Not Exists
Fri May 17 11:57:03 SGT 2019
http://chess-results.my: Not Exists
Fri May 17 12:16:16 SGT 2019
http://chess-results.coom: Not Exists
Fri May 17 12:16:16 SGT 2019
http://chess-results.my: Not Exists
Fri May 17 12:16:18 SGT 2019
http://chess-results.coom: Not Exists
Fri May 17 12:16:18 SGT 2019
http://chess-results.my: Not Exists
Fri May 17 13:59:13 SGT 2019
http://chess-results.coom: Not Exists
Fri May 17 13:59:13 SGT 2019
http://chess-results.my: Not Exists
Fri May 17 13:59:15 SGT 2019
http://chess-results.coom: Not Exists
Fri May 17 13:59:15 SGT 2019
http://chess-results.my: Not Exists
Fri May 17 15:08:38 SGT 2019
http://chess-results.coom: Not Exists
Fri May 17 15:08:38 SGT 2019
http://chess-results.my: Not Exists
Fri May 17 15:08:40 SGT 2019
http://chess-results.coom: Not Exists
Fri May 17 15:08:40 SGT 2019
http://chess-results.my: Not Exists
Fri May 17 15:52:12 SGT 2019
http://chess-results.coom: Not Exists
Fri May 17 15:52:12 SGT 2019
http://chess-results.my: Not Exists
Fri May 17 15:52:13 SGT 2019
http://chess-results.coom: Not Exists
Fri May 17 15:52:14 SGT 2019
http://chess-results.my: Not Exists
Fri May 17 15:56:41 SGT 2019
http://chess-results.coom: Not Exists
Fri May 17 15:56:41 SGT 2019
http://chess-results.my: Not Exists
Fri May 17 15:56:43 SGT 2019
http://chess-results.coom: Not Exists
Fri May 17 15:56:43 SGT 2019
http://chess-results.my: Not Exists
Fri May 17 15:56:45 SGT 2019
http://chess-results.com/tnr424276.aspx?lan=1&art=1&rd=8: Not Exists
Fri May 17 15:56:46 SGT 2019
http://chess-results.com/tnr424277.aspx?lan=1&art=1&rd=8: Not Exists
Fri May 17 15:56:47 SGT 2019
http://chess-results.com/tnr424280.aspx?lan=1&art=1&rd=15: Not Exists
Fri May 17 15:56:48 SGT 2019
http://chess-results.com/tnr424283.aspx?lan=1&art=1&rd=8: Not Exists
Fri May 17 15:56:48 SGT 2019
http://chess-results.com/tnr424284.aspx?lan=1&art=1&rd=8: Not Exists
Fri May 17 15:56:51 SGT 2019
http://chess-results.com/tnr424286.aspx?lan=1&art=1&rd=17: Not Exists
Fri May 17 15:56:51 SGT 2019
http://chess-results.com/tnr424290.aspx?lan=1&art=1&rd=17: Not Exists
Fri May 17 16:04:11 SGT 2019
http://chess-results.coom: Not Exists
Fri May 17 16:04:11 SGT 2019
http://chess-results.my: Not Exists
Fri May 17 16:04:13 SGT 2019
http://chess-results.coom: Not Exists
Fri May 17 16:04:13 SGT 2019
http://chess-results.my: Not Exists
Fri May 17 16:04:15 SGT 2019
http://chess-results.com/tnr424276.aspx?lan=1&art=1&rd=8: Not Exists
Fri May 17 16:04:16 SGT 2019
http://chess-results.com/tnr424277.aspx?lan=1&art=1&rd=8: Not Exists
Fri May 17 16:04:17 SGT 2019
http://chess-results.com/tnr424280.aspx?lan=1&art=1&rd=15: Not Exists
Fri May 17 16:04:17 SGT 2019
http://chess-results.com/tnr424283.aspx?lan=1&art=1&rd=8: Not Exists
Fri May 17 16:04:18 SGT 2019
http://chess-results.com/tnr424284.aspx?lan=1&art=1&rd=8: Not Exists
Fri May 17 16:04:19 SGT 2019
http://chess-results.com/tnr424286.aspx?lan=1&art=1&rd=17: Not Exists
Fri May 17 16:04:19 SGT 2019
http://chess-results.com/tnr424290.aspx?lan=1&art=1&rd=17: Not Exists
Fri May 17 17:04:18 SGT 2019
http://chess-results.coom: Not Exists
Fri May 17 17:04:19 SGT 2019
http://chess-results.my: Not Exists
Fri May 17 17:04:21 SGT 2019
http://chess-results.coom: Not Exists
Fri May 17 17:04:21 SGT 2019
http://chess-results.my: Not Exists
Fri May 17 17:04:24 SGT 2019
http://chess-results.com/tnr424276.aspx?lan=1&art=1&rd=8: Not Exists
Fri May 17 17:04:24 SGT 2019
http://chess-results.com/tnr424277.aspx?lan=1&art=1&rd=8: Not Exists
Fri May 17 17:04:26 SGT 2019
http://chess-results.com/tnr424280.aspx?lan=1&art=1&rd=15: Not Exists
Fri May 17 17:04:26 SGT 2019
http://chess-results.com/tnr424283.aspx?lan=1&art=1&rd=8: Not Exists
Fri May 17 17:04:27 SGT 2019
http://chess-results.com/tnr424284.aspx?lan=1&art=1&rd=8: Not Exists
Fri May 17 17:04:28 SGT 2019
http://chess-results.com/tnr424286.aspx?lan=1&art=1&rd=17: Not Exists
Fri May 17 17:04:28 SGT 2019
http://chess-results.com/tnr424290.aspx?lan=1&art=1&rd=17: Not Exists
Sat May 18 00:53:15 SGT 2019
http://chess-results.coom: Not Exists
Sat May 18 00:53:15 SGT 2019
http://chess-results.my: Not Exists
Sat May 18 00:53:17 SGT 2019
http://chess-results.coom: Not Exists
Sat May 18 00:53:17 SGT 2019
http://chess-results.my: Not Exists
Sat May 18 00:53:20 SGT 2019
http://chess-results.com/tnr424276.aspx?lan=1&art=1&rd=8: Not Exists
Sat May 18 00:53:21 SGT 2019
http://chess-results.com/tnr424277.aspx?lan=1&art=1&rd=8: Not Exists
Sat May 18 00:53:23 SGT 2019
http://chess-results.com/tnr424280.aspx?lan=1&art=1&rd=15: Not Exists
Sat May 18 00:53:23 SGT 2019
http://chess-results.com/tnr424283.aspx?lan=1&art=1&rd=8: Not Exists
Sat May 18 00:53:24 SGT 2019
http://chess-results.com/tnr424284.aspx?lan=1&art=1&rd=8: Not Exists
Sat May 18 00:53:25 SGT 2019
http://chess-results.com/tnr424286.aspx?lan=1&art=1&rd=17: Not Exists
Sat May 18 00:53:26 SGT 2019
http://chess-results.com/tnr424290.aspx?lan=1&art=1&rd=17: Not Exists
Sat May 18 08:31:15 SGT 2019
Sat May 18 08:31:15 SGT 2019
Sat May 18 08:31:15 SGT 2019
Sat May 18 08:31:15 SGT 2019
Sat May 18 08:31:17 SGT 2019
Sat May 18 08:31:17 SGT 2019
Sat May 18 08:31:17 SGT 2019
Sat May 18 08:31:17 SGT 2019
Sat May 18 08:31:20 SGT 2019
Sat May 18 08:31:21 SGT 2019
Sat May 18 08:34:43 SGT 2019
Sat May 18 08:34:43 SGT 2019
Sat May 18 08:34:43 SGT 2019
Sat May 18 08:34:43 SGT 2019
Sat May 18 08:34:45 SGT 2019
Sat May 18 08:34:45 SGT 2019
Sat May 18 08:34:45 SGT 2019
Sat May 18 08:34:45 SGT 2019
Sat May 18 08:34:47 SGT 2019
Sat May 18 08:34:47 SGT 2019
Sat May 18 08:40:18 SGT 2019
Sat May 18 08:40:18 SGT 2019
Sat May 18 08:40:20 SGT 2019
Sat May 18 08:40:20 SGT 2019
Sat May 18 08:40:22 SGT 2019
Sat May 18 08:40:22 SGT 2019
Sat May 18 08:40:24 SGT 2019
Sat May 18 08:40:25 SGT 2019
Sat May 18 08:40:25 SGT 2019
Sat May 18 08:40:26 SGT 2019
Sat May 18 08:40:26 SGT 2019
Sat May 18 08:41:30 SGT 2019
http://chess-results.coom: Not Exists
Sat May 18 08:41:30 SGT 2019
http://chess-results.my: Not Exists
Sat May 18 08:41:32 SGT 2019
http://chess-results.coom: Not Exists
Sat May 18 08:41:32 SGT 2019
http://chess-results.my: Not Exists
Sat May 18 08:41:34 SGT 2019
http://chess-results.com/tnr424276.aspx?lan=1&art=1&rd=8: Not Exists
Sat May 18 08:41:34 SGT 2019
http://chess-results.com/tnr424277.aspx?lan=1&art=1&rd=8: Not Exists
Sat May 18 08:41:36 SGT 2019
http://chess-results.com/tnr424280.aspx?lan=1&art=1&rd=15: Not Exists
Sat May 18 08:41:37 SGT 2019
http://chess-results.com/tnr424283.aspx?lan=1&art=1&rd=8: Not Exists
Sat May 18 08:41:37 SGT 2019
http://chess-results.com/tnr424284.aspx?lan=1&art=1&rd=8: Not Exists
Sat May 18 08:41:38 SGT 2019
http://chess-results.com/tnr424286.aspx?lan=1&art=1&rd=17: Not Exists
Sat May 18 08:41:38 SGT 2019
http://chess-results.com/tnr424290.aspx?lan=1&art=1&rd=17: Not Exists
Sat May 18 13:57:51 SGT 2019
http://chess-results.coom: Not Exists
Sat May 18 13:57:51 SGT 2019
Execution time in milliseconds: 503: Not Exists
Sat May 18 13:57:53 SGT 2019
http://chess-results.my: Not Exists
Sat May 18 13:57:53 SGT 2019
Execution time in milliseconds: 36: Not Exists
Sat May 18 13:57:54 SGT 2019
http://chess-results.coom: Not Exists
Sat May 18 13:57:54 SGT 2019
Execution time in milliseconds: 1: Not Exists
Sat May 18 13:57:55 SGT 2019
http://chess-results.my: Not Exists
Sat May 18 13:57:55 SGT 2019
Execution time in milliseconds: 1: Not Exists
Sat May 18 13:57:57 SGT 2019
http://chess-results.com/tnr424276.aspx?lan=1&art=1&rd=8: Not Exists
Sat May 18 13:57:57 SGT 2019
http://chess-results.com/tnr424277.aspx?lan=1&art=1&rd=8: Not Exists
Sat May 18 13:57:58 SGT 2019
http://chess-results.com/tnr424280.aspx?lan=1&art=1&rd=15: Not Exists
Sat May 18 13:57:59 SGT 2019
http://chess-results.com/tnr424283.aspx?lan=1&art=1&rd=8: Not Exists
Sat May 18 13:57:59 SGT 2019
http://chess-results.com/tnr424284.aspx?lan=1&art=1&rd=8: Not Exists
Sat May 18 13:58:00 SGT 2019
http://chess-results.com/tnr424286.aspx?lan=1&art=1&rd=17: Not Exists
Sat May 18 13:58:00 SGT 2019
http://chess-results.com/tnr424290.aspx?lan=1&art=1&rd=17: Not Exists
Sat May 18 13:58:59 SGT 2019
http://chess-results.coom: Not Exists
Sat May 18 13:58:59 SGT 2019
Execution time in milliseconds: 10: Not Exists
Sat May 18 13:58:59 SGT 2019
http://chess-results.my: Not Exists
Sat May 18 13:58:59 SGT 2019
Execution time in milliseconds: 4: Not Exists
Sat May 18 13:59:00 SGT 2019
http://chess-results.coom: Not Exists
Sat May 18 13:59:00 SGT 2019
Execution time in milliseconds: 1: Not Exists
Sat May 18 13:59:01 SGT 2019
http://chess-results.my: Not Exists
Sat May 18 13:59:01 SGT 2019
Execution time in milliseconds: 0: Not Exists
Sat May 18 13:59:03 SGT 2019
http://chess-results.com/tnr424276.aspx?lan=1&art=1&rd=8: Not Exists
Sat May 18 13:59:03 SGT 2019
http://chess-results.com/tnr424277.aspx?lan=1&art=1&rd=8: Not Exists
Sat May 18 13:59:04 SGT 2019
http://chess-results.com/tnr424280.aspx?lan=1&art=1&rd=15: Not Exists
Sat May 18 13:59:05 SGT 2019
http://chess-results.com/tnr424283.aspx?lan=1&art=1&rd=8: Not Exists
Sat May 18 13:59:05 SGT 2019
http://chess-results.com/tnr424284.aspx?lan=1&art=1&rd=8: Not Exists
Sat May 18 13:59:06 SGT 2019
http://chess-results.com/tnr424286.aspx?lan=1&art=1&rd=17: Not Exists
Sat May 18 13:59:06 SGT 2019
http://chess-results.com/tnr424290.aspx?lan=1&art=1&rd=17: Not Exists
Sat May 18 14:00:28 SGT 2019
http://chess-results.coom: Not Exists
Sat May 18 14:00:28 SGT 2019
Execution time in milliseconds: 14: Not Exists
Sat May 18 14:00:29 SGT 2019
http://chess-results.my: Not Exists
Sat May 18 14:00:29 SGT 2019
Execution time in milliseconds: 5: Not Exists
Sat May 18 14:00:30 SGT 2019
http://chess-results.coom: Not Exists
Sat May 18 14:00:30 SGT 2019
Execution time in milliseconds: 1: Not Exists
Sat May 18 14:00:30 SGT 2019
http://chess-results.my: Not Exists
Sat May 18 14:00:30 SGT 2019
Execution time in milliseconds: 1: Not Exists
Sat May 18 14:00:32 SGT 2019
http://chess-results.com/tnr424276.aspx?lan=1&art=1&rd=8: Not Exists
Sat May 18 14:00:32 SGT 2019
http://chess-results.com/tnr424277.aspx?lan=1&art=1&rd=8: Not Exists
Sat May 18 14:00:34 SGT 2019
http://chess-results.com/tnr424280.aspx?lan=1&art=1&rd=15: Not Exists
Sat May 18 14:00:35 SGT 2019
http://chess-results.com/tnr424283.aspx?lan=1&art=1&rd=8: Not Exists
Sat May 18 14:00:35 SGT 2019
http://chess-results.com/tnr424284.aspx?lan=1&art=1&rd=8: Not Exists
Sat May 18 14:00:36 SGT 2019
http://chess-results.com/tnr424286.aspx?lan=1&art=1&rd=17: Not Exists
Sat May 18 14:00:36 SGT 2019
http://chess-results.com/tnr424290.aspx?lan=1&art=1&rd=17: Not Exists
Sat May 18 14:01:57 SGT 2019
http://chess-results.coom: Not Exists
Sat May 18 14:01:57 SGT 2019
Execution time in milliseconds: 54: Not Exists
Sat May 18 14:01:57 SGT 2019
http://chess-results.my: Not Exists
Sat May 18 14:01:57 SGT 2019
Execution time in milliseconds: 102: Not Exists
Sat May 18 14:01:59 SGT 2019
http://chess-results.coom: Not Exists
Sat May 18 14:01:59 SGT 2019
Execution time in milliseconds: 1: Not Exists
Sat May 18 14:01:59 SGT 2019
http://chess-results.my: Not Exists
Sat May 18 14:01:59 SGT 2019
Execution time in milliseconds: 1: Not Exists
Sat May 18 14:02:01 SGT 2019
http://chess-results.com/tnr424276.aspx?lan=1&art=1&rd=8: Not Exists
Sat May 18 14:02:02 SGT 2019
http://chess-results.com/tnr424277.aspx?lan=1&art=1&rd=8: Not Exists
Sat May 18 14:02:03 SGT 2019
http://chess-results.com/tnr424280.aspx?lan=1&art=1&rd=15: Not Exists
Sat May 18 14:02:04 SGT 2019
http://chess-results.com/tnr424283.aspx?lan=1&art=1&rd=8: Not Exists
Sat May 18 14:02:04 SGT 2019
http://chess-results.com/tnr424284.aspx?lan=1&art=1&rd=8: Not Exists
Sat May 18 14:02:05 SGT 2019
http://chess-results.com/tnr424286.aspx?lan=1&art=1&rd=17: Not Exists
Sat May 18 14:02:05 SGT 2019
http://chess-results.com/tnr424290.aspx?lan=1&art=1&rd=17: Not Exists
